Warning: ignoring unsupported tag `ALLOW_UNICODE_NAMES    =' at line 79, file /home/travis/build/algdat/blatt-2-maze/Doxyfile
Warning: ignoring unsupported tag `GROUP_NESTED_COMPOUNDS =' at line 351, file /home/travis/build/algdat/blatt-2-maze/Doxyfile
Warning: ignoring unsupported tag `HIDE_COMPOUND_REFERENCE=' at line 522, file /home/travis/build/algdat/blatt-2-maze/Doxyfile
Warning: Tag `CLANG_ASSISTED_PARSING' at line 1006 of file /home/travis/build/algdat/blatt-2-maze/Doxyfile belongs to an option that was not enabled at compile time.
To avoid this warning please remove this line from your configuration file, upgrade it using "doxygen -u", or recompile doxygen with this feature enabled.
Warning: Tag `CLANG_OPTIONS' at line 1014 of file /home/travis/build/algdat/blatt-2-maze/Doxyfile belongs to an option that was not enabled at compile time.
To avoid this warning please remove this line from your configuration file, upgrade it using "doxygen -u", or recompile doxygen with this feature enabled.
Warning: ignoring unsupported tag `LATEX_EXTRA_STYLESHEET =' at line 1686, file /home/travis/build/algdat/blatt-2-maze/Doxyfile
Warning: ignoring unsupported tag `RTF_SOURCE_CODE        =' at line 1811, file /home/travis/build/algdat/blatt-2-maze/Doxyfile
Warning: ignoring unsupported tag `MAN_SUBDIR             =' at line 1846, file /home/travis/build/algdat/blatt-2-maze/Doxyfile
Warning: ignoring unsupported tag `DOCBOOK_PROGRAMLISTING =' at line 1909, file /home/travis/build/algdat/blatt-2-maze/Doxyfile
Warning: ignoring unsupported tag `PLANTUML_JAR_PATH      =' at line 2338, file /home/travis/build/algdat/blatt-2-maze/Doxyfile
Warning: ignoring unsupported tag `PLANTUML_INCLUDE_PATH  =' at line 2343, file /home/travis/build/algdat/blatt-2-maze/Doxyfile
Notice: Output directory `doxygen_doc' does not exist. I have created it for you.
Searching for include files...
Searching for example files...
Searching for images...
Searching for dot files...
Searching for msc files...
Searching for dia files...
Searching for files to exclude
Searching for files to process...
Searching for files in directory /home/travis/build/algdat/blatt-2-maze/src
Searching for files in directory /home/travis/build/algdat/blatt-2-maze/src/ss17
Searching for files in directory /home/travis/build/algdat/blatt-2-maze/src/ss17/algodat
Searching for files in directory /home/travis/build/algdat/blatt-2-maze/src/ss17/algodat/maze
Searching for files in directory /home/travis/build/algdat/blatt-2-maze/src/ss17/algodat/maze/control
Searching for files in directory /home/travis/build/algdat/blatt-2-maze/src/ss17/algodat/maze/control/recursive_solver
Searching for files in directory /home/travis/build/algdat/blatt-2-maze/src/ss17/algodat/maze/control/shortest_path
Searching for files in directory /home/travis/build/algdat/blatt-2-maze/src/ss17/algodat/maze/control/shortest_path/breadth_first_search
Searching for files in directory /home/travis/build/algdat/blatt-2-maze/src/ss17/algodat/maze/model
Searching for files in directory /home/travis/build/algdat/blatt-2-maze/src/ss17/algodat/maze/view
Reading and parsing tag files
Parsing files
Preprocessing /home/travis/build/algdat/blatt-2-maze/src/ss17/algodat/maze/control/mazealgorithm.cpp...
Parsing file /home/travis/build/algdat/blatt-2-maze/src/ss17/algodat/maze/control/mazealgorithm.cpp...
Preprocessing /home/travis/build/algdat/blatt-2-maze/src/ss17/algodat/maze/control/mazealgorithm.h...
Parsing file /home/travis/build/algdat/blatt-2-maze/src/ss17/algodat/maze/control/mazealgorithm.h...
Preprocessing /home/travis/build/algdat/blatt-2-maze/src/ss17/algodat/maze/control/mazegenerator.cpp...
Parsing file /home/travis/build/algdat/blatt-2-maze/src/ss17/algodat/maze/control/mazegenerator.cpp...
Preprocessing /home/travis/build/algdat/blatt-2-maze/src/ss17/algodat/maze/control/mazegenerator.h...
Parsing file /home/travis/build/algdat/blatt-2-maze/src/ss17/algodat/maze/control/mazegenerator.h...
Preprocessing /home/travis/build/algdat/blatt-2-maze/src/ss17/algodat/maze/control/recursive_solver/recursivemazesolvealgorithm.cpp...
Parsing file /home/travis/build/algdat/blatt-2-maze/src/ss17/algodat/maze/control/recursive_solver/recursivemazesolvealgorithm.cpp...
Preprocessing /home/travis/build/algdat/blatt-2-maze/src/ss17/algodat/maze/control/recursive_solver/recursivemazesolvealgorithm.h...
Parsing file /home/travis/build/algdat/blatt-2-maze/src/ss17/algodat/maze/control/recursive_solver/recursivemazesolvealgorithm.h...
Preprocessing /home/travis/build/algdat/blatt-2-maze/src/ss17/algodat/maze/control/shortest_path/breadth_first_search/BreadthFirstSearch.cpp...
Parsing file /home/travis/build/algdat/blatt-2-maze/src/ss17/algodat/maze/control/shortest_path/breadth_first_search/BreadthFirstSearch.cpp...
Preprocessing /home/travis/build/algdat/blatt-2-maze/src/ss17/algodat/maze/control/shortest_path/breadth_first_search/BreadthFirstSearch.h...
Parsing file /home/travis/build/algdat/blatt-2-maze/src/ss17/algodat/maze/control/shortest_path/breadth_first_search/BreadthFirstSearch.h...
Preprocessing /home/travis/build/algdat/blatt-2-maze/src/ss17/algodat/maze/control/shortest_path/breadth_first_search/BreadthFirstSearchGuiInteraction.cpp...
Parsing file /home/travis/build/algdat/blatt-2-maze/src/ss17/algodat/maze/control/shortest_path/breadth_first_search/BreadthFirstSearchGuiInteraction.cpp...
Preprocessing /home/travis/build/algdat/blatt-2-maze/src/ss17/algodat/maze/control/shortest_path/breadth_first_search/BreadthFirstSearchGuiInteraction.h...
Parsing file /home/travis/build/algdat/blatt-2-maze/src/ss17/algodat/maze/control/shortest_path/breadth_first_search/BreadthFirstSearchGuiInteraction.h...
Preprocessing /home/travis/build/algdat/blatt-2-maze/src/ss17/algodat/maze/control/shortest_path/breadth_first_search/Position.cpp...
Parsing file /home/travis/build/algdat/blatt-2-maze/src/ss17/algodat/maze/control/shortest_path/breadth_first_search/Position.cpp...
Preprocessing /home/travis/build/algdat/blatt-2-maze/src/ss17/algodat/maze/control/shortest_path/breadth_first_search/Position.h...
Parsing file /home/travis/build/algdat/blatt-2-maze/src/ss17/algodat/maze/control/shortest_path/breadth_first_search/Position.h...
Preprocessing /home/travis/build/algdat/blatt-2-maze/src/ss17/algodat/maze/main.cpp...
Parsing file /home/travis/build/algdat/blatt-2-maze/src/ss17/algodat/maze/main.cpp...
Preprocessing /home/travis/build/algdat/blatt-2-maze/src/ss17/algodat/maze/model/maze.cpp...
Parsing file /home/travis/build/algdat/blatt-2-maze/src/ss17/algodat/maze/model/maze.cpp...
Preprocessing /home/travis/build/algdat/blatt-2-maze/src/ss17/algodat/maze/model/maze.h...
Parsing file /home/travis/build/algdat/blatt-2-maze/src/ss17/algodat/maze/model/maze.h...
Preprocessing /home/travis/build/algdat/blatt-2-maze/src/ss17/algodat/maze/view/mazegui.cpp...
Parsing file /home/travis/build/algdat/blatt-2-maze/src/ss17/algodat/maze/view/mazegui.cpp...
Preprocessing /home/travis/build/algdat/blatt-2-maze/src/ss17/algodat/maze/view/mazegui.h...
Parsing file /home/travis/build/algdat/blatt-2-maze/src/ss17/algodat/maze/view/mazegui.h...
Building group list...
Building directory list...
Building namespace list...
Building file list...
Building class list...
Associating documentation with classes...
Computing nesting relations for classes...
Building example list...
Searching for enumerations...
Searching for documented typedefs...
Searching for members imported via using declarations...
Searching for included using directives...
Searching for documented variables...
Building interface member list...
Building member list...
Searching for friends...
Searching for documented defines...
Computing class inheritance relations...
Computing class usage relations...
Flushing cached template relations that have become invalid...
Creating members for template instances...
Computing class relations...
Add enum values to enums...
Searching for member function documentation...
Building page list...
Search for main page...
Computing page relations...
Determining the scope of groups...
Sorting lists...
Freeing entry tree
Determining which enums are documented
Computing member relations...
Building full member lists recursively...
Adding members to member groups.
Computing member references...
Inheriting documentation...
Generating disk names...
Adding source references...
Adding xrefitems...
Sorting member lists...
Computing dependencies between directories...
Generating citations page...
Counting data structures...
Resolving user defined references...
Finding anchors and sections in the documentation...
Transferring function references...
Combining using relations...
Adding members to index pages...
Generating style sheet...
Generating search indices...
Generating example documentation...
Generating file sources...
Generating code for file /home/travis/build/algdat/blatt-2-maze/src/ss17/algodat/maze/control/mazealgorithm.h...
Generating code for file /home/travis/build/algdat/blatt-2-maze/src/ss17/algodat/maze/control/mazegenerator.h...
Generating code for file /home/travis/build/algdat/blatt-2-maze/src/ss17/algodat/maze/control/recursive_solver/recursivemazesolvealgorithm.h...
Generating code for file /home/travis/build/algdat/blatt-2-maze/src/ss17/algodat/maze/control/shortest_path/breadth_first_search/BreadthFirstSearch.h...
Generating code for file /home/travis/build/algdat/blatt-2-maze/src/ss17/algodat/maze/control/shortest_path/breadth_first_search/BreadthFirstSearchGuiInteraction.h...
Generating code for file /home/travis/build/algdat/blatt-2-maze/src/ss17/algodat/maze/control/shortest_path/breadth_first_search/Position.h...
Generating code for file /home/travis/build/algdat/blatt-2-maze/src/ss17/algodat/maze/model/maze.h...
Generating code for file /home/travis/build/algdat/blatt-2-maze/src/ss17/algodat/maze/view/mazegui.h...
Generating file documentation...
Generating docs for file /home/travis/build/algdat/blatt-2-m/home/travis/build/algdat/blatt-2-maze/src/ss17/algodat/maze/control/shortest_path/breadth_first_search/BreadthFirstSearch.h:59: warning: The following parameters of BreadthFirstSearch::solve(int &steps, Maze *maze) are not documented:
  parameter 'maze'
/home/travis/build/algdat/blatt-2-maze/src/ss17/algodat/maze/view/mazegui.cpp:40: warning: argument 'width' of command @param is not found in the argument list of MazeGui::drawEmptyMaze()
/home/travis/build/algdat/blatt-2-maze/src/ss17/algodat/maze/view/mazegui.cpp:40: warning: argument 'height' of command @param is not found in the argument list of MazeGui::drawEmptyMaze()
/home/travis/build/algdat/blatt-2-maze/src/ss17/algodat/maze/view/mazegui.cpp:62: warning: argument 'field' of command @param is not found in the argument list of MazeGui::drawMaze()
/home/travis/build/algdat/blatt-2-maze/src/ss17/algodat/maze/view/mazegui.cpp:62: warning: argument 'width' of command @param is not found in the argument list of MazeGui::drawMaze()
/home/travis/build/algdat/blatt-2-maze/src/ss17/algodat/maze/view/mazegui.cpp:62: warning: argument 'height' of command @param is not found in the argument list of MazeGui::drawMaze()
/home/travis/build/algdat/blatt-2-maze/src/ss17/algodat/maze/view/mazegui.cpp:129: warning: argument 'maze' of command @param is not found in the argument list of MazeGui::generateMaze()
/home/travis/build/algdat/blatt-2-maze/src/ss17/algodat/maze/view/mazegui.cpp:129: warning: argument 'width' of command @param is not found in the argument list of MazeGui::generateMaze()
/home/travis/build/algdat/blatt-2-maze/src/ss17/algodat/maze/view/mazegui.cpp:129: warning: argument 'height' of command @param is not found in the argument list of MazeGui::generateMaze()
/home/travis/build/algdat/blatt-2-maze/src/ss17/algodat/maze/control/mazealgorithm.cpp:4: warning: argument 'width' of command @param is not found in the argument list of MazeSolveAlgorithm::MazeSolveAlgorithm(Maze *maze)
/home/travis/build/algdat/blatt-2-maze/src/ss17/algodat/maze/control/mazealgorithm.cpp:4: warning: argument 'height' of command @param is not found in the argument list of MazeSolveAlgorithm::MazeSolveAlgorithm(Maze *maze)
/home/travis/build/algdat/blatt-2-maze/src/ss17/algodat/maze/control/recursive_solver/recursivemazesolvealgorithm.cpp:4: warning: argument 'width' of command @param is not found in the argument list of RecursiveMazeSolveAlgorithm::RecursiveMazeSolveAlgorithm(Maze *maze)
/home/travis/build/algdat/blatt-2-maze/src/ss17/algodat/maze/control/recursive_solver/recursivemazesolvealgorithm.cpp:4: warning: argument 'height' of command @param is not found in the argument list of RecursiveMazeSolveAlgorithm::RecursiveMazeSolveAlgorithm(Maze *maze)
/home/travis/build/algdat/blatt-2-maze/src/ss17/algodat/maze/control/recursive_solver/recursivemazesolvealgorithm.cpp:29: warning: argument 'enable_steps' of command @param is not found in the argument list of RecursiveMazeSolveAlgorithm::solve(int &steps)
/home/travis/build/algdat/blatt-2-maze/src/ss17/algodat/maze/control/recursive_solver/recursivemazesolvealgorithm.cpp:29: warning: The following parameters of RecursiveMazeSolveAlgorithm::solve(int &steps) are not documented:
  parameter 'steps'
aze/src/ss17/algodat/maze/control/mazealgorithm.cpp...
Generating docs for file /home/travis/build/algdat/blatt-2-maze/src/ss17/algodat/maze/control/mazealgorithm.h...
Generating docs for file /home/travis/build/algdat/blatt-2-maze/src/ss17/algodat/maze/control/mazegenerator.cpp...
Generating docs for file /home/travis/build/algdat/blatt-2-maze/src/ss17/algodat/maze/control/mazegenerator.h...
Generating docs for file /home/travis/build/algdat/blatt-2-maze/src/ss17/algodat/maze/control/recursive_solver/recursivemazesolvealgorithm.cpp...
Generating docs for file /home/travis/build/algdat/blatt-2-maze/src/ss17/algodat/maze/control/recursive_solver/recursivemazesolvealgorithm.h...
Generating docs for file /home/travis/build/algdat/blatt-2-maze/src/ss17/algodat/maze/control/shortest_path/breadth_first_search/BreadthFirstSearch.cpp...
Generating docs for file /home/travis/build/algdat/blatt-2-maze/src/ss17/algodat/maze/control/shortest_path/breadth_first_search/BreadthFirstSearch.h...
Generating docs for file /home/travis/build/algdat/blatt-2-maze/src/ss17/algodat/maze/control/shortest_path/breadth_first_search/BreadthFirstSearchGuiInteraction.cpp...
Generating docs for file /home/travis/build/algdat/blatt-2-maze/src/ss17/algodat/maze/control/shortest_path/breadth_first_search/BreadthFirstSearchGuiInteraction.h...
Generating docs for file /home/travis/build/algdat/blatt-2-maze/src/ss17/algodat/maze/control/shortest_path/breadth_first_search/Position.cpp...
Generating docs for file /home/travis/build/algdat/blatt-2-maze/src/ss17/algodat/maze/control/shortest_path/breadth_first_search/Position.h...
Generating docs for file /home/travis/build/algdat/blatt-2-maze/src/ss17/algodat/maze/main.cpp...
Generating docs for file /home/travis/build/algdat/blatt-2-maze/src/ss17/algodat/maze/model/maze.cpp...
Generating docs for file /home/travis/build/algdat/blatt-2-maze/src/ss17/algodat/maze/model/maze.h...
Generating docs for file /home/travis/build/algdat/blatt-2-maze/src/ss17/algodat/maze/view/mazegui.cpp...
Generating docs for file /home/travis/build/algdat/blatt-2-maze/src/ss17/algodat/maze/view/mazegui.h...
Generating page documentation...
Generating group documentation...
Generating class documentation...
Generating docs for compound BreadthFirstSearch...
Generating docs for compound BreadthFirstSearchGuiInteraction...
Generating docs for compound Maze...
Generating docs for compound MazeGenerator...
Generating docs for compound MazeGui...
Generating docs for compound MazeSolveAlgorithm...
Generating docs for compound Position...
Generating docs for compound RecursiveMazeSolveAlgorithm...
Generating namespace index...
Generating docs for namespace Ui
Generating graph info page...
Generating directory documentation...
Generating index page...
Generating page index...
Generating module index...
Generating namespace index...
Generating namespace member index...
Generating annotated compound index...
Generating alphabetical compound index...
Generating hierarchical class index...
Generating member index...
Generating file index...
Generating file member index...
Generating example index...
finalizing index lists...
lookup cache used 148/65536 hits=609 misses=153
finished...
